sending incremental file list
Courses/
Courses/50 C Programming Source Codes Explained/
Courses/50 C Programming Source Codes Explained/50 C Programming Source Codes Explained.zip
Courses/50 C Programming Source Codes Explained/Download more courses.url
Courses/50 C Programming Source Codes Explained/Downloaded from Demonoid - www.dnoid.to.txt
Courses/50 C Programming Source Codes Explained/Downloaded from TutsGalaxy.com.txt
Courses/50 C Programming Source Codes Explained/TutsGalaxy.com.txt
Courses/50 C Programming Source Codes Explained/50 C Programming Source Codes Explained/
Courses/50 C Programming Source Codes Explained/50 C Programming Source Codes Explained/[Tutsgalaxy.com] - 50 C Programming Source Codes Explained/
Courses/50 C Programming Source Codes Explained/50 C Programming Source Codes Explained/[Tutsgalaxy.com] - 50 C Programming Source Codes Explained/1. Introduction/
Courses/50 C Programming Source Codes Explained/50 C Programming Source Codes Explained/[Tutsgalaxy.com] - 50 C Programming Source Codes Explained/1. Introduction/1. Introduction.mp4
Courses/50 C Programming Source Codes Explained/50 C Programming Source Codes Explained/[Tutsgalaxy.com] - 50 C Programming Source Codes Explained/1. Introduction/1. Introduction.vtt
Courses/50 C Programming Source Codes Explained/50 C Programming Source Codes Explained/[Tutsgalaxy.com] - 50 C Programming Source Codes Explained/1. Introduction/2. Programming Codes.mp4
Courses/50 C Programming Source Codes Explained/50 C Programming Source Codes Explained/[Tutsgalaxy.com] - 50 C Programming Source Codes Explained/1. Introduction/2. Programming Codes.vtt
Courses/50 C Programming Source Codes Explained/50 C Programming Source Codes Explained/[Tutsgalaxy.com] - 50 C Programming Source Codes Explained/1. Introduction/3. Programming Codes.mp4
Courses/50 C Programming Source Codes Explained/50 C Programming Source Codes Explained/[Tutsgalaxy.com] - 50 C Programming Source Codes Explained/1. Introduction/3. Programming Codes.vtt
Courses/50 C Programming Source Codes Explained/50 C Programming Source Codes Explained/[Tutsgalaxy.com] - 50 C Programming Source Codes Explained/1. Introduction/4. Programming Codes.mp4
Courses/50 C Programming Source Codes Explained/50 C Programming Source Codes Explained/[Tutsgalaxy.com] - 50 C Programming Source Codes Explained/1. Introduction/4. Programming Codes.vtt
Courses/50 C Programming Source Codes Explained/50 C Programming Source Codes Explained/[Tutsgalaxy.com] - 50 C Programming Source Codes Explained/1. Introduction/5. Programming Codes.mp4
Courses/50 C Programming Source Codes Explained/50 C Programming Source Codes Explained/[Tutsgalaxy.com] - 50 C Programming Source Codes Explained/1. Introduction/5. Programming Codes.vtt
Courses/50 C Programming Source Codes Explained/50 C Programming Source Codes Explained/[Tutsgalaxy.com] - 50 C Programming Source Codes Explained/1. Introduction/6. Programming Codes.mp4
Courses/50 C Programming Source Codes Explained/50 C Programming Source Codes Explained/[Tutsgalaxy.com] - 50 C Programming Source Codes Explained/1. Introduction/6. Programming Codes.vtt
Courses/50 C Programming Source Codes Explained/50 C Programming Source Codes Explained/[Tutsgalaxy.com] - 50 C Programming Source Codes Explained/1. Introduction/7. Programming Codes.mp4
Courses/50 C Programming Source Codes Explained/50 C Programming Source Codes Explained/[Tutsgalaxy.com] - 50 C Programming Source Codes Explained/1. Introduction/7. Programming Codes.vtt
Courses/50 C Programming Source Codes Explained/50 C Programming Source Codes Explained/[Tutsgalaxy.com] - 50 C Programming Source Codes Explained/1. Introduction/8. Programming Codes.mp4
Courses/50 C Programming Source Codes Explained/50 C Programming Source Codes Explained/[Tutsgalaxy.com] - 50 C Programming Source Codes Explained/1. Introduction/8. Programming Codes.vtt
Courses/50 C Programming Source Codes Explained/50 C Programming Source Codes Explained/[Tutsgalaxy.com] - 50 C Programming Source Codes Explained/1. Introduction/9. Programming Codes.mp4
Courses/50 C Programming Source Codes Explained/50 C Programming Source Codes Explained/[Tutsgalaxy.com] - 50 C Programming Source Codes Explained/1. Introduction/9. Programming Codes.vtt
Courses/Complete Git Guide - Understand and Master Git and Github/
Courses/Complete Git Guide - Understand and Master Git and Github/Bonus Courses + Project Files.url
Courses/Complete Git Guide - Understand and Master Git and Github/How to Support [ FreeCourseWeb.com ] for Free.txt
Courses/Complete Git Guide - Understand and Master Git and Github/Passwords - only if needed when extracting.txt
Courses/Complete Git Guide - Understand and Master Git and Github/Resources.url
Courses/Complete Git Guide - Understand and Master Git and Github/1. Introduction to the Git and GitHub/
Courses/Complete Git Guide - Understand and Master Git and Github/1. Introduction to the Git and GitHub/1. Intro--- [ FreeCourseWeb.com ] ---.mp4
Courses/Complete Git Guide - Understand and Master Git and Github/1. Introduction to the Git and GitHub/1. Intro--- [ FreeCourseWeb.com ] ---.vtt
Courses/Complete Git Guide - Understand and Master Git and Github/1. Introduction to the Git and GitHub/2. Section 1 Introduction--- [ FreeCourseWeb.com ] ---.mp4
Courses/Complete Git Guide - Understand and Master Git and Github/1. Introduction to the Git and GitHub/2. Section 1 Introduction--- [ FreeCourseWeb.com ] ---.vtt
Courses/Complete Git Guide - Understand and Master Git and Github/1. Introduction to the Git and GitHub/3. Git vs GitHub--- [ FreeCourseWeb.com ] ---.mp4
Courses/Complete Git Guide - Understand and Master Git and Github/1. Introduction to the Git and GitHub/3. Git vs GitHub--- [ FreeCourseWeb.com ] ---.vtt
Courses/Complete Git Guide - Understand and Master Git and Github/1. Introduction to the Git and GitHub/Bonus Courses + Project Files.url
Courses/Complete Git Guide - Understand and Master Git and Github/10. Git push, fetch and pull/
Courses/Complete Git Guide - Understand and Master Git and Github/10. Git push, fetch and pull/1. Section 10 Introduction--- [ FreeCourseWeb.com ] ---.mp4
Courses/Complete Git Guide - Understand and Master Git and Github/10. Git push, fetch and pull/1. Section 10 Introduction--- [ FreeCourseWeb.com ] ---.vtt
Courses/Complete Git Guide - Understand and Master Git and Github/10. Git push, fetch and pull/10. How to perform git pull--- [ FreeCourseWeb.com ] ---.mp4
Courses/Complete Git Guide - Understand and Master Git and Github/10. Git push, fetch and pull/10. How to perform git pull--- [ FreeCourseWeb.com ] ---.vtt
Courses/Complete Git Guide - Understand and Master Git and Github/10. Git push, fetch and pull/11. What is FETCH_HEAD--- [ FreeCourseWeb.com ] ---.mp4
Courses/Complete Git Guide - Understand and Master Git and Github/10. Git push, fetch and pull/11. What is FETCH_HEAD--- [ FreeCourseWeb.com ] ---.vtt
Courses/Complete Git Guide - Understand and Master Git and Github/10. Git push, fetch and pull/12. Git pull with fast forward merge--- [ FreeCourseWeb.com ] ---.mp4
Courses/Complete Git Guide - Understand and Master Git and Github/10. Git push, fetch and pull/12. Git pull with fast forward merge--- [ FreeCourseWeb.com ] ---.vtt
Courses/Complete Git Guide - Understand and Master Git and Github/10. Git push, fetch and pull/13. Fetch remote changes manually--- [ FreeCourseWeb.com ] ---.mp4
Courses/Complete Git Guide - Understand and Master Git and Github/10. Git push, fetch and pull/13. Fetch remote changes manually--- [ FreeCourseWeb.com ] ---.vtt
Courses/Complete Git Guide - Understand and Master Git and Github/10. Git push, fetch and pull/14. Merge FETCH_HEAD manually--- [ FreeCourseWeb.com ] ---.mp4
Courses/Complete Git Guide - Understand and Master Git and Github/10. Git push, fetch and pull/14. Merge FETCH_HEAD manually--- [ FreeCourseWeb.com ] ---.vtt
Courses/Complete Git Guide - Understand and Master Git and Github/10. Git push, fetch and pull/15. Resolving conflicts during Git pull--- [ FreeCourseWeb.com ] ---.mp4
Courses/Complete Git Guide - Understand and Master Git and Github/10. Git push, fetch and pull/15. Resolving conflicts during Git pull--- [ FreeCourseWeb.com ] ---.vtt
Courses/Complete Git Guide - Understand and Master Git and Github/10. Git push, fetch and pull/16. Pushing to remote repository--- [ FreeCourseWeb.com ] ---.mp4
Courses/Complete Git Guide - Understand and Master Git and Github/10. Git push, fetch and pull/16. Pushing to remote repository--- [ FreeCourseWeb.com ] ---.vtt
Courses/Complete Git Guide - Understand and Master Git and Github/10. Git push, fetch and pull/17. Commit under another author--- [ FreeCourseWeb.com ] ---.mp4
Courses/Complete Git Guide - Understand and Master Git and Github/10. Git push, fetch and pull/17. Commit under another author--- [ FreeCourseWeb.com ] ---.vtt
Courses/Complete Git Guide - Understand and Master Git and Github/10. Git push, fetch and pull/18. Remote and local branches are in sync now--- [ FreeCourseWeb.com ] ---.mp4
Courses/Complete Git Guide - Understand and Master Git and Github/10. Git push, fetch and pull/18. Remote and local branches are in sync now--- [ FreeCourseWeb.com ] ---.vtt
Courses/Complete Git Guide - Understand and Master Git and Github/10. Git push, fetch and pull/19. Create remote branch based on local branch--- [ FreeCourseWeb.com ] ---.mp4
Courses/Complete Git Guide - Understand and Master Git and Github/10. Git push, fetch and pull/19. Create remote branch based on local branch--- [ FreeCourseWeb.com ] ---.vtt
Courses/Complete Git Guide - Understand and Master Git and Github/10. Git push, fetch and pull/2. Overview of the push, fetch and pull Git commands--- [ FreeCourseWeb.com ] ---.mp4
Courses/Complete Git Guide - Understand and Master Git and Github/10. Git push, fetch and pull/2. Overview of the push, fetch and pull Git commands--- [ FreeCourseWeb.com ] ---.vtt
Courses/Complete Git Guide - Understand and Master Git and Github/10. Git push, fetch and pull/20. Update tracking statuses of the branches--- [ FreeCourseWeb.com ] ---.mp4
Courses/Complete Git Guide - Understand and Master Git and Github/10. Git push, fetch and pull/20. Update tracking statuses of the branches--- [ FreeCourseWeb.com ] ---.vtt
Courses/Complete Git Guide - Understand and Master Git and Github/10. Git push, fetch and pull/21. Remove remote branch using local terminal--- [ FreeCourseWeb.com ] ---.mp4
Courses/Complete Git Guide - Understand and Master Git and Github/10. Git push, fetch and pull/21. Remove remote branch using local terminal--- [ FreeCourseWeb.com ] ---.vtt
Courses/Complete Git Guide - Understand and Master Git and Github/10. Git push, fetch and pull/22. Git show-ref--- [ FreeCourseWeb.com ] ---.mp4
Courses/Complete Git Guide - Understand and Master Git and Github/10. Git push, fetch and pull/22. Git show-ref--- [ FreeCourseWeb.com ] ---.vtt
Courses/Complete Git Guide - Understand and Master Git and Github/10. Git push, fetch and pull/3. What is origin--- [ FreeCourseWeb.com ] ---.mp4
Courses/Complete Git Guide - Understand and Master Git and Github/10. Git push, fetch and pull/3. What is origin--- [ FreeCourseWeb.com ] ---.vtt
Courses/Complete Git Guide - Understand and Master Git and Github/10. Git push, fetch and pull/4. List remote and local branches--- [ FreeCourseWeb.com ] ---.mp4
Courses/Complete Git Guide - Understand and Master Git and Github/10. Git push, fetch and pull/4. List remote and local branches--- [ FreeCourseWeb.com ] ---.vtt
Courses/Complete Git Guide - Understand and Master Git and Github/10. Git push, fetch and pull/5. What is tracking branch--- [ FreeCourseWeb.com ] ---.mp4
Courses/Complete Git Guide - Understand and Master Git and Github/10. Git push, fetch and pull/5. What is tracking branch--- [ FreeCourseWeb.com ] ---.vtt
Courses/Complete Git Guide - Understand and Master Git and Github/10. Git push, fetch and pull/6. Checkout remote branch--- [ FreeCourseWeb.com ] ---.mp4
Courses/Complete Git Guide - Understand and Master Git and Github/10. Git push, fetch and pull/6. Checkout remote branch--- [ FreeCourseWeb.com ] ---.vtt
Courses/Complete Git Guide - Understand and Master Git and Github/10. Git push, fetch and pull/7. Git remote show origin--- [ FreeCourseWeb.com ] ---.mp4
Courses/Complete Git Guide - Understand and Master Git and Github/10. Git push, fetch and pull/7. Git remote show origin--- [ FreeCourseWeb.com ] ---.vtt
Courses/Complete Git Guide - Understand and Master Git and Github/10. Git push, fetch and pull/8. Git fetch in action--- [ FreeCourseWeb.com ] ---.mp4
Courses/Complete Git Guide - Understand and Master Git and Github/10. Git push, fetch and pull/8. Git fetch in action--- [ FreeCourseWeb.com ] ---.vtt
Courses/Complete Git Guide - Understand and Master Git and Github/10. Git push, fetch and pull/9. Git pull is 2-step process--- [ FreeCourseWeb.com ] ---.mp4
Courses/Complete Git Guide - Understand and Master Git and Github/10. Git push, fetch and pull/9. Git pull is 2-step process--- [ FreeCourseWeb.com ] ---.vtt
Courses/Complete Git Guide - Understand and Master Git and Github/11. Pull requests/
Courses/Complete Git Guide - Understand and Master Git and Github/11. Pull requests/1. Section 11 Introduction--- [ FreeCourseWeb.com ] ---.mp4
Courses/Complete Git Guide - Understand and Master Git and Github/11. Pull requests/1. Section 11 Introduction--- [ FreeCourseWeb.com ] ---.vtt
Courses/Complete Git Guide - Understand and Master Git and Github/11. Pull requests/10. Open pull request--- [ FreeCourseWeb.com ] ---.mp4
Courses/Complete Git Guide - Understand and Master Git and Github/11. Pull requests/10. Open pull request--- [ FreeCourseWeb.com ] ---.vtt
Courses/Complete Git Guide - Understand and Master Git and Github/11. Pull requests/11. Adding comments and approving pull request--- [ FreeCourseWeb.com ] ---.mp4
Courses/Complete Git Guide - Understand and Master Git and Github/11. Pull requests/11. Adding comments and approving pull request--- [ FreeCourseWeb.com ] ---.vtt
Courses/Complete Git Guide - Understand and Master Git and Github/11. Pull requests/12. Creating and publishing new branch using GitHub Desktop--- [ FreeCourseWeb.com ] ---.mp4
Courses/Complete Git Guide - Understand and Master Git and Github/11. Pull requests/12. Creating and publishing new branch using GitHub Desktop--- [ FreeCourseWeb.com ] ---.vtt
Courses/Complete Git Guide - Understand and Master Git and Github/11. Pull requests/13. Signing in to GitHub in the GitHub Desktop--- [ FreeCourseWeb.com ] ---.mp4
Courses/Complete Git Guide - Understand and Master Git and Github/11. Pull requests/13. Signing in to GitHub in the GitHub Desktop--- [ FreeCourseWeb.com ] ---.vtt
Courses/Complete Git Guide - Understand and Master Git and Github/11. Pull requests/14. Creating and merging pull request--- [ FreeCourseWeb.com ] ---.mp4
Courses/Complete Git Guide - Understand and Master Git and Github/11. Pull requests/14. Creating and merging pull request--- [ FreeCourseWeb.com ] ---.vtt
Courses/Complete Git Guide - Understand and Master Git and Github/11. Pull requests/15. Adding new collaborator under GitHub--- [ FreeCourseWeb.com ] ---.mp4
Courses/Complete Git Guide - Understand and Master Git and Github/11. Pull requests/15. Adding new collaborator under GitHub--- [ FreeCourseWeb.com ] ---.vtt
Courses/Complete Git Guide - Understand and Master Git and Github/11. Pull requests/16. Exploring own GitHub account--- [ FreeCourseWeb.com ] ---.mp4
Courses/Complete Git Guide - Understand and Master Git and Github/11. Pull requests/16. Exploring own GitHub account--- [ FreeCourseWeb.com ] ---.vtt
Courses/Complete Git Guide - Understand and Master Git and Github/11. Pull requests/17. Opening and merging PR by collaborator--- [ FreeCourseWeb.com ] ---.mp4
Courses/Complete Git Guide - Understand and Master Git and Github/11. Pull requests/17. Opening and merging PR by collaborator--- [ FreeCourseWeb.com ] ---.vtt
Courses/Complete Git Guide - Understand and Master Git and Github/11. Pull requests/18. By default merging is allowed without approvals--- [ FreeCourseWeb.com ] ---.mp4
Courses/Complete Git Guide - Understand and Master Git and Github/11. Pull requests/18. By default merging is allowed without approvals--- [ FreeCourseWeb.com ] ---.vtt
Courses/Complete Git Guide - Understand and Master Git and Github/11. Pull requests/19. Configure protected branch rule--- [ FreeCourseWeb.com ] ---.mp4
Courses/Complete Git Guide - Understand and Master Git and Github/11. Pull requests/19. Configure protected branch rule--- [ FreeCourseWeb.com ] ---.vtt
Courses/Complete Git Guide - Understand and Master Git and Github/11. Pull requests/2. Collaboration between contributors--- [ FreeCourseWeb.com ] ---.mp4
Courses/Complete Git Guide - Understand and Master Git and Github/11. Pull requests/2. Collaboration between contributors--- [ FreeCourseWeb.com ] ---.vtt
Courses/Complete Git Guide - Understand and Master Git and Github/11. Pull requests/20. Merging after required approve--- [ FreeCourseWeb.com ] ---.mp4
Courses/Complete Git Guide - Understand and Master Git and Github/11. Pull requests/20. Merging after required approve--- [ FreeCourseWeb.com ] ---.vtt
Courses/Complete Git Guide - Understand and Master Git and Github/11. Pull requests/21. Exploring pull requests in the public repositories--- [ FreeCourseWeb.com ] ---.mp4
Courses/Complete Git Guide - Understand and Master Git and Github/11. Pull requests/21. Exploring pull requests in the public repositories--- [ FreeCourseWeb.com ] ---.vtt
Courses/Complete Git Guide - Understand and Master Git and Github/11. Pull requests/22. Working with issues at GitHub--- [ FreeCourseWeb.com ] ---.mp4
Courses/Complete Git Guide - Understand and Master Git and Github/11. Pull requests/22. Working with issues at GitHub--- [ FreeCourseWeb.com ] ---.vtt
Courses/Complete Git Guide - Understand and Master Git and Github/11. Pull requests/3. What is pull request--- [ FreeCourseWeb.com ] ---.mp4
Courses/Complete Git Guide - Understand and Master Git and Github/11. Pull requests/3. What is pull request--- [ FreeCourseWeb.com ] ---.vtt
Courses/Complete Git Guide - Understand and Master Git and Github/11. Pull requests/4. Why pull request was named pull request--- [ FreeCourseWeb.com ] ---.mp4
Courses/Complete Git Guide - Understand and Master Git and Github/11. Pull requests/4. Why pull request was named pull request--- [ FreeCourseWeb.com ] ---.vtt
Courses/Complete Git Guide - Understand and Master Git and Github/11. Pull requests/5. Pull request or Merge request--- [ FreeCourseWeb.com ] ---.mp4
Courses/Complete Git Guide - Understand and Master Git and Github/11. Pull requests/5. Pull request or Merge request--- [ FreeCourseWeb.com ] ---.vtt
Courses/Complete Git Guide - Understand and Master Git and Github/11. Pull requests/6. Pull request step-by-step--- [ FreeCourseWeb.com ] ---.mp4
Courses/Complete Git Guide - Understand and Master Git and Github/11. Pull requests/6. Pull request step-by-step--- [ FreeCourseWeb.com ] ---.vtt
Courses/Complete Git Guide - Understand and Master Git and Github/11. Pull requests/7. Create new repository at GitHub--- [ FreeCourseWeb.com ] ---.mp4
Courses/Complete Git Guide - Understand and Master Git and Github/11. Pull requests/7. Create new repository at GitHub--- [ FreeCourseWeb.com ] ---.vtt
Courses/Complete Git Guide - Understand and Master Git and Github/11. Pull requests/8. Changing author of the last commit--- [ FreeCourseWeb.com ] ---.mp4
Courses/Complete Git Guide - Understand and Master Git and Github/11. Pull requests/8. Changing author of the last commit--- [ FreeCourseWeb.com ] ---.vtt
Courses/Complete Git Guide - Understand and Master Git and Github/11. Pull requests/9. Pushing branch to remote--- [ FreeCourseWeb.com ] ---.mp4
Courses/Complete Git Guide - Understand and Master Git and Github/11. Pull requests/9. Pushing branch to remote--- [ FreeCourseWeb.com ] ---.vtt
Courses/Complete Git Guide - Understand and Master Git and Github/11. Pull requests/Resources.url
Courses/Complete Git Guide - Understand and Master Git and Github/12. Forks and contribution to the public repositories/
Courses/Complete Git Guide - Understand and Master Git and Github/12. Forks and contribution to the public repositories/1. Section 12 Introduction--- [ FreeCourseWeb.com ] ---.mp4
Courses/Complete Git Guide - Understand and Master Git and Github/12. Forks and contribution to the public repositories/1. Section 12 Introduction--- [ FreeCourseWeb.com ] ---.vtt
Courses/Complete Git Guide - Understand and Master Git and Github/12. Forks and contribution to the public repositories/10. Forking repository--- [ FreeCourseWeb.com ] ---.mp4
Courses/Complete Git Guide - Understand and Master Git and Github/12. Forks and contribution to the public repositories/10. Forking repository--- [ FreeCourseWeb.com ] ---.vtt
Courses/Complete Git Guide - Understand and Master Git and Github/12. Forks and contribution to the public repositories/11. Committing changes in the forked repository--- [ FreeCourseWeb.com ] ---.mp4
Courses/Complete Git Guide - Understand and Master Git and Github/12. Forks and contribution to the public repositories/11. Committing changes in the forked repository--- [ FreeCourseWeb.com ] ---.vtt
Courses/Complete Git Guide - Understand and Master Git and Github/12. Forks and contribution to the public repositories/12. Open pull request from the forked repository--- [ FreeCourseWeb.com ] ---.mp4
Courses/Complete Git Guide - Understand and Master Git and Github/12. Forks and contribution to the public repositories/12. Open pull request from the forked repository--- [ FreeCourseWeb.com ] ---.vtt
Courses/Complete Git Guide - Understand and Master Git and Github/12. Forks and contribution to the public repositories/13. Approving and merging pull request from the forked repository--- [ FreeCourseWeb.com ] ---.mp4
Courses/Complete Git Guide - Understand and Master Git and Github/12. Forks and contribution to the public repositories/13. Approving and merging pull request from the forked repository--- [ FreeCourseWeb.com ] ---.vtt
Courses/Complete Git Guide - Understand and Master Git and Github/12. Forks and contribution to the public repositories/2. Creating Fork--- [ FreeCourseWeb.com ] ---.mp4
Courses/Complete Git Guide - Understand and Master Git and Github/12. Forks and contribution to the public repositories/2. Creating Fork--- [ FreeCourseWeb.com ] ---.vtt
Courses/Complete Git Guide - Understand and Master Git and Github/12. Forks and contribution to the public repositories/3. How to sync changes from the parent repository--- [ FreeCourseWeb.com ] ---.mp4
Courses/Complete Git Guide - Understand and Master Git and Github/12. Forks and contribution to the public repositories/3. How to sync changes from the parent repository--- [ FreeCourseWeb.com ] ---.vtt
Courses/Complete Git Guide - Understand and Master Git and Github/12. Forks and contribution to the public repositories/4. Adding new upstream remote repository--- [ FreeCourseWeb.com ] ---.mp4
Courses/Complete Git Guide - Understand and Master Git and Github/12. Forks and contribution to the public repositories/4. Adding new upstream remote repository--- [ FreeCourseWeb.com ] ---.vtt
Courses/Complete Git Guide - Understand and Master Git and Github/12. Forks and contribution to the public repositories/5. Fetching changes from upstream--- [ FreeCourseWeb.com ] ---.mp4
Courses/Complete Git Guide - Understand and Master Git and Github/12. Forks and contribution to the public repositories/5. Fetching changes from upstream--- [ FreeCourseWeb.com ] ---.vtt
Courses/Complete Git Guide - Understand and Master Git and Github/12. Forks and contribution to the public repositories/6. Synchronizing changes from upstream--- [ FreeCourseWeb.com ] ---.mp4
Courses/Complete Git Guide - Understand and Master Git and Github/12. Forks and contribution to the public repositories/6. Synchronizing changes from upstream--- [ FreeCourseWeb.com ] ---.vtt
Courses/Complete Git Guide - Understand and Master Git and Github/12. Forks and contribution to the public repositories/7. How to open pull request from the forked repository--- [ FreeCourseWeb.com ] ---.mp4
Courses/Complete Git Guide - Understand and Master Git and Github/12. Forks and contribution to the public repositories/7. How to open pull request from the forked repository--- [ FreeCourseWeb.com ] ---.vtt
Courses/Complete Git Guide - Understand and Master Git and Github/12. Forks and contribution to the public repositories/8. Plan for creating pull request from the forked repository--- [ FreeCourseWeb.com ] ---.mp4
Courses/Complete Git Guide - Understand and Master Git and Github/12. Forks and contribution to the public repositories/8. Plan for creating pull request from the forked repository--- [ FreeCourseWeb.com ] ---.vtt
Courses/Complete Git Guide - Understand and Master Git and Github/12. Forks and contribution to the public repositories/9. Removing repository collaborator--- [ FreeCourseWeb.com ] ---.mp4
Courses/Complete Git Guide - Understand and Master Git and Github/12. Forks and contribution to the public repositories/9. Removing repository collaborator--- [ FreeCourseWeb.com ] ---.vtt
Courses/Complete Git Guide - Understand and Master Git and Github/13. Git Tags/
Courses/Complete Git Guide - Understand and Master Git and Github/13. Git Tags/1. Section 13 Introduction--- [ FreeCourseWeb.com ] ---.mp4
Courses/Complete Git Guide - Understand and Master Git and Github/13. Git Tags/1. Section 13 Introduction--- [ FreeCourseWeb.com ] ---.vtt
Courses/Complete Git Guide - Understand and Master Git and Github/13. Git Tags/2. Git tags overview--- [ FreeCourseWeb.com ] ---.mp4
Courses/Complete Git Guide - Understand and Master Git and Github/13. Git Tags/2. Git tags overview--- [ FreeCourseWeb.com ] ---.vtt
Courses/Complete Git Guide - Understand and Master Git and Github/13. Git Tags/3. Staging vs Production--- [ FreeCourseWeb.com ] ---.mp4
Courses/Complete Git Guide - Understand and Master Git and Github/13. Git Tags/3. Staging vs Production--- [ FreeCourseWeb.com ] ---.vtt
Courses/Complete Git Guide - Understand and Master Git and Github/13. Git Tags/4. Semantic versioning--- [ FreeCourseWeb.com ] ---.mp4
Courses/Complete Git Guide - Understand and Master Git and Github/13. Git Tags/4. Semantic versioning--- [ FreeCourseWeb.com ] ---.vtt
Courses/Complete Git Guide - Understand and Master Git and Github/13. Git Tags/5. Lightweight vs Annotated tags--- [ FreeCourseWeb.com ] ---.mp4
Courses/Complete Git Guide - Understand and Master Git and Github/13. Git Tags/5. Lightweight vs Annotated tags--- [ FreeCourseWeb.com ] ---.vtt
Courses/Complete Git Guide - Understand and Master Git and Github/13. Git Tags/6. Creating lightweight tags--- [ FreeCourseWeb.com ] ---.mp4
Courses/Complete Git Guide - Understand and Master Git and Github/13. Git Tags/6. Creating lightweight tags--- [ FreeCourseWeb.com ] ---.vtt
Courses/Complete Git Guide - Understand and Master Git and Github/13. Git Tags/7. Creating annotated tag--- [ FreeCourseWeb.com ] ---.mp4
Courses/Complete Git Guide - Understand and Master Git and Github/13. Git Tags/7. Creating annotated tag--- [ FreeCourseWeb.com ] ---.vtt
Courses/Complete Git Guide - Understand and Master Git and Github/13. Git Tags/8. Exploring git tag object--- [ FreeCourseWeb.com ] ---.mp4
Courses/Complete Git Guide - Understand and Master Git and Github/13. Git Tags/8. Exploring git tag object--- [ FreeCourseWeb.com ] ---.vtt
Courses/Complete Git Guide - Understand and Master Git and Github/13. Git Tags/9. Pushing tags to remote--- [ FreeCourseWeb.com ] ---.mp4
Courses/Complete Git Guide - Understand and Master Git and Github/13. Git Tags/9. Pushing tags to remote--- [ FreeCourseWeb.com ] ---.vtt
Courses/Complete Git Guide - Understand and Master Git and Github/13. Git Tags/How to Support [ FreeCourseWeb.com ] for Free.txt
Courses/Complete Git Guide - Understand and Master Git and Github/14. Rebasing/
Courses/Complete Git Guide - Understand and Master Git and Github/14. Rebasing/1. Section 14 Introduction--- [ FreeCourseWeb.com ] ---.mp4
Courses/Complete Git Guide - Understand and Master Git and Github/14. Rebasing/1. Section 14 Introduction--- [ FreeCourseWeb.com ] ---.vtt
Courses/Complete Git Guide - Understand and Master Git and Github/14. Rebasing/10. Completing rebasing by performing merging--- [ FreeCourseWeb.com ] ---.mp4
Courses/Complete Git Guide - Understand and Master Git and Github/14. Rebasing/10. Completing rebasing by performing merging--- [ FreeCourseWeb.com ] ---.vtt
Courses/Complete Git Guide - Understand and Master Git and Github/14. Rebasing/11. Exploring graph and commits in SourceTree--- [ FreeCourseWeb.com ] ---.mp4
Courses/Complete Git Guide - Understand and Master Git and Github/14. Rebasing/11. Exploring graph and commits in SourceTree--- [ FreeCourseWeb.com ] ---.vtt
Courses/Complete Git Guide - Understand and Master Git and Github/14. Rebasing/12. Deleteing feature branch and pushing to remote--- [ FreeCourseWeb.com ] ---.mp4
Courses/Complete Git Guide - Understand and Master Git and Github/14. Rebasing/12. Deleteing feature branch and pushing to remote--- [ FreeCourseWeb.com ] ---.vtt
Courses/Complete Git Guide - Understand and Master Git and Github/14. Rebasing/2. Introduction to Rebasing--- [ FreeCourseWeb.com ] ---.mp4
Courses/Complete Git Guide - Understand and Master Git and Github/14. Rebasing/2. Introduction to Rebasing--- [ FreeCourseWeb.com ] ---.vtt
Courses/Complete Git Guide - Understand and Master Git and Github/14. Rebasing/3. Merging vs Rebasing--- [ FreeCourseWeb.com ] ---.mp4
Courses/Complete Git Guide - Understand and Master Git and Github/14. Rebasing/3. Merging vs Rebasing--- [ FreeCourseWeb.com ] ---.vtt
Courses/Complete Git Guide - Understand and Master Git and Github/14. Rebasing/4. How to perform rebasing--- [ FreeCourseWeb.com ] ---.mp4
Courses/Complete Git Guide - Understand and Master Git and Github/14. Rebasing/4. How to perform rebasing--- [ FreeCourseWeb.com ] ---.vtt
Courses/Complete Git Guide - Understand and Master Git and Github/14. Rebasing/5. Rebasing - STEP 1--- [ FreeCourseWeb.com ] ---.mp4
Courses/Complete Git Guide - Understand and Master Git and Github/14. Rebasing/5. Rebasing - STEP 1--- [ FreeCourseWeb.com ] ---.vtt
Courses/Complete Git Guide - Understand and Master Git and Github/14. Rebasing/6. Rebasing - STEP 2--- [ FreeCourseWeb.com ] ---.mp4
Courses/Complete Git Guide - Understand and Master Git and Github/14. Rebasing/6. Rebasing - STEP 2--- [ FreeCourseWeb.com ] ---.vtt
Courses/Complete Git Guide - Understand and Master Git and Github/14. Rebasing/7. Creating new repository--- [ FreeCourseWeb.com ] ---.mp4
Courses/Complete Git Guide - Understand and Master Git and Github/14. Rebasing/7. Creating new repository--- [ FreeCourseWeb.com ] ---.vtt
Courses/Complete Git Guide - Understand and Master Git and Github/14. Rebasing/8. Creating feature branch and making changes--- [ FreeCourseWeb.com ] ---.mp4
Courses/Complete Git Guide - Understand and Master Git and Github/14. Rebasing/8. Creating feature branch and making changes--- [ FreeCourseWeb.com ] ---.vtt
Courses/Complete Git Guide - Understand and Master Git and Github/14. Rebasing/9. Rebasing feature branch on top of master branch--- [ FreeCourseWeb.com ] ---.mp4
Courses/Complete Git Guide - Understand and Master Git and Github/14. Rebasing/9. Rebasing feature branch on top of master branch--- [ FreeCourseWeb.com ] ---.vtt
Courses/Complete Git Guide - Understand and Master Git and Github/15. Ignoring files in Git/
Courses/Complete Git Guide - Understand and Master Git and Github/15. Ignoring files in Git/1. Section 15 Introduction--- [ FreeCourseWeb.com ] ---.mp4
Courses/Complete Git Guide - Understand and Master Git and Github/15. Ignoring files in Git/1. Section 15 Introduction--- [ FreeCourseWeb.com ] ---.vtt
Courses/Complete Git Guide - Understand and Master Git and Github/15. Ignoring files in Git/2. Introduction go Git ignore--- [ FreeCourseWeb.com ] ---.mp4
Courses/Complete Git Guide - Understand and Master Git and Github/15. Ignoring files in Git/2. Introduction go Git ignore--- [ FreeCourseWeb.com ] ---.vtt
Courses/Complete Git Guide - Understand and Master Git and Github/15. Ignoring files in Git/3. Git file statuses - untracked, tracked and ignored--- [ FreeCourseWeb.com ] ---.mp4
Courses/Complete Git Guide - Understand and Master Git and Github/15. Ignoring files in Git/3. Git file statuses - untracked, tracked and ignored--- [ FreeCourseWeb.com ] ---.vtt
Courses/Complete Git Guide - Understand and Master Git and Github/15. Ignoring files in Git/4. Basic gitignore rules--- [ FreeCourseWeb.com ] ---.mp4
Courses/Complete Git Guide - Understand and Master Git and Github/15. Ignoring files in Git/4. Basic gitignore rules--- [ FreeCourseWeb.com ] ---.vtt
Courses/Complete Git Guide - Understand and Master Git and Github/15. Ignoring files in Git/5. Pushing repository with ignored files to remote--- [ FreeCourseWeb.com ] ---.mp4
Courses/Complete Git Guide - Understand and Master Git and Github/15. Ignoring files in Git/5. Pushing repository with ignored files to remote--- [ FreeCourseWeb.com ] ---.vtt
Courses/Complete Git Guide - Understand and Master Git and Github/15. Ignoring files in Git/6. Committing previously ignored file--- [ FreeCourseWeb.com ] ---.mp4
Courses/Complete Git Guide - Understand and Master Git and Github/15. Ignoring files in Git/6. Committing previously ignored file--- [ FreeCourseWeb.com ] ---.vtt
Courses/Complete Git Guide - Understand and Master Git and Github/15. Ignoring files in Git/7. Ignore previously committed file--- [ FreeCourseWeb.com ] ---.mp4
Courses/Complete Git Guide - Understand and Master Git and Github/15. Ignoring files in Git/7. Ignore previously committed file--- [ FreeCourseWeb.com ] ---.vtt
Courses/Complete Git Guide - Understand and Master Git and Github/15. Ignoring files in Git/8. Git ignore common practices and templates--- [ FreeCourseWeb.com ] ---.mp4
Courses/Complete Git Guide - Understand and Master Git and Github/15. Ignoring files in Git/8. Git ignore common practices and templates--- [ FreeCourseWeb.com ] ---.vtt
Courses/Complete Git Guide - Understand and Master Git and Github/15. Ignoring files in Git/[ FreeCourseWeb.com ] Support Us.url
Courses/Complete Git Guide - Understand and Master Git and Github/16. Detached HEAD/
Courses/Complete Git Guide - Understand and Master Git and Github/16. Detached HEAD/1. Section 16 Introduction--- [ FreeCourseWeb.com ] ---.mp4
Courses/Complete Git Guide - Understand and Master Git and Github/16. Detached HEAD/1. Section 16 Introduction--- [ FreeCourseWeb.com ] ---.vtt
Courses/Complete Git Guide - Understand and Master Git and Github/16. Detached HEAD/2. Detached HEAD state--- [ FreeCourseWeb.com ] ---.mp4
Courses/Complete Git Guide - Understand and Master Git and Github/16. Detached HEAD/2. Detached HEAD state--- [ FreeCourseWeb.com ] ---.vtt
Courses/Complete Git Guide - Understand and Master Git and Github/16. Detached HEAD/3. Making experimental commits in detached HEAD state--- [ FreeCourseWeb.com ] ---.mp4
Courses/Complete Git Guide - Understand and Master Git and Github/16. Detached HEAD/3. Making experimental commits in detached HEAD state--- [ FreeCourseWeb.com ] ---.vtt
Courses/Complete Git Guide - Understand and Master Git and Github/16. Detached HEAD/4. Retaining changes made in the detached HEAD state--- [ FreeCourseWeb.com ] ---.mp4
Courses/Complete Git Guide - Understand and Master Git and Github/16. Detached HEAD/4. Retaining changes made in the detached HEAD state--- [ FreeCourseWeb.com ] ---.vtt
Courses/Complete Git Guide - Understand and Master Git and Github/17. Advanced Git/
Courses/Complete Git Guide - Understand and Master Git and Github/17. Advanced Git/1. Section 17 Introduction--- [ FreeCourseWeb.com ] ---.mp4
Courses/Complete Git Guide - Understand and Master Git and Github/17. Advanced Git/1. Section 17 Introduction--- [ FreeCourseWeb.com ] ---.vtt
Courses/Complete Git Guide - Understand and Master Git and Github/17. Advanced Git/10. Modifying last commit using amend option--- [ FreeCourseWeb.com ] ---.mp4
Courses/Complete Git Guide - Understand and Master Git and Github/17. Advanced Git/10. Modifying last commit using amend option--- [ FreeCourseWeb.com ] ---.vtt
Courses/Complete Git Guide - Understand and Master Git and Github/17. Advanced Git/11. Cherry-picking commits--- [ FreeCourseWeb.com ] ---.mp4
Courses/Complete Git Guide - Understand and Master Git and Github/17. Advanced Git/11. Cherry-picking commits--- [ FreeCourseWeb.com ] ---.vtt
Courses/Complete Git Guide - Understand and Master Git and Github/17. Advanced Git/12. Reflog - log of all Git operations--- [ FreeCourseWeb.com ] ---.mp4
Courses/Complete Git Guide - Understand and Master Git and Github/17. Advanced Git/12. Reflog - log of all Git operations--- [ FreeCourseWeb.com ] ---.vtt
Courses/Complete Git Guide - Understand and Master Git and Github/17. Advanced Git/13. Stashing changes using terminal--- [ FreeCourseWeb.com ] ---.mp4
Courses/Complete Git Guide - Understand and Master Git and Github/17. Advanced Git/13. Stashing changes using terminal--- [ FreeCourseWeb.com ] ---.vtt
Courses/Complete Git Guide - Understand and Master Git and Github/17. Advanced Git/14. Stashing using GitHub Desktop--- [ FreeCourseWeb.com ] ---.mp4
Courses/Complete Git Guide - Understand and Master Git and Github/17. Advanced Git/14. Stashing using GitHub Desktop--- [ FreeCourseWeb.com ] ---.vtt
Courses/Complete Git Guide - Understand and Master Git and Github/17. Advanced Git/15. Garbage collection--- [ FreeCourseWeb.com ] ---.mp4
Courses/Complete Git Guide - Understand and Master Git and Github/17. Advanced Git/15. Garbage collection--- [ FreeCourseWeb.com ] ---.vtt
Courses/Complete Git Guide - Understand and Master Git and Github/17. Advanced Git/16. Squashing of commits at GitHub--- [ FreeCourseWeb.com ] ---.mp4
Courses/Complete Git Guide - Understand and Master Git and Github/17. Advanced Git/16. Squashing of commits at GitHub--- [ FreeCourseWeb.com ] ---.vtt
Courses/Complete Git Guide - Understand and Master Git and Github/17. Advanced Git/17. Interactive rebasing with squashing in the local repository--- [ FreeCourseWeb.com ] ---.mp4
Courses/Complete Git Guide - Understand and Master Git and Github/17. Advanced Git/17. Interactive rebasing with squashing in the local repository--- [ FreeCourseWeb.com ] ---.vtt
Courses/Complete Git Guide - Understand and Master Git and Github/17. Advanced Git/18. Git development workflow--- [ FreeCourseWeb.com ] ---.mp4
Courses/Complete Git Guide - Understand and Master Git and Github/17. Advanced Git/18. Git development workflow--- [ FreeCourseWeb.com ] ---.vtt
Courses/Complete Git Guide - Understand and Master Git and Github/17. Advanced Git/2. Cloning one of the public repositories--- [ FreeCourseWeb.com ] ---.mp4
Courses/Complete Git Guide - Understand and Master Git and Github/17. Advanced Git/2. Cloning one of the public repositories--- [ FreeCourseWeb.com ] ---.vtt
Courses/Complete Git Guide - Understand and Master Git and Github/17. Advanced Git/3. Git log options - oneline, graph, stat--- [ FreeCourseWeb.com ] ---.mp4
Courses/Complete Git Guide - Understand and Master Git and Github/17. Advanced Git/3. Git log options - oneline, graph, stat--- [ FreeCourseWeb.com ] ---.vtt
Courses/Complete Git Guide - Understand and Master Git and Github/17. Advanced Git/4. Git shortlog--- [ FreeCourseWeb.com ] ---.mp4
Courses/Complete Git Guide - Understand and Master Git and Github/17. Advanced Git/4. Git shortlog--- [ FreeCourseWeb.com ] ---.vtt
Courses/Complete Git Guide - Understand and Master Git and Github/17. Advanced Git/5. Filtering commits by author or keyword--- [ FreeCourseWeb.com ] ---.mp4
Courses/Complete Git Guide - Understand and Master Git and Github/17. Advanced Git/5. Filtering commits by author or keyword--- [ FreeCourseWeb.com ] ---.vtt
Courses/Complete Git Guide - Understand and Master Git and Github/17. Advanced Git/6. Pretty formatting of git log--- [ FreeCourseWeb.com ] ---.mp4
Courses/Complete Git Guide - Understand and Master Git and Github/17. Advanced Git/6. Pretty formatting of git log--- [ FreeCourseWeb.com ] ---.vtt
Courses/Complete Git Guide - Understand and Master Git and Github/17. Advanced Git/7. Filter out merge commits in git log--- [ FreeCourseWeb.com ] ---.mp4
Courses/Complete Git Guide - Understand and Master Git and Github/17. Advanced Git/7. Filter out merge commits in git log--- [ FreeCourseWeb.com ] ---.vtt
Courses/Complete Git Guide - Understand and Master Git and Github/17. Advanced Git/8. Git reset--- [ FreeCourseWeb.com ] ---.mp4
Courses/Complete Git Guide - Understand and Master Git and Github/17. Advanced Git/8. Git reset--- [ FreeCourseWeb.com ] ---.vtt
Courses/Complete Git Guide - Understand and Master Git and Github/17. Advanced Git/9. Git revert--- [ FreeCourseWeb.com ] ---.mp4
Courses/Complete Git Guide - Understand and Master Git and Github/17. Advanced Git/9. Git revert--- [ FreeCourseWeb.com ] ---.vtt
Courses/Complete Git Guide - Understand and Master Git and Github/17. Advanced Git/[ FreeCourseWeb.com ] Support Us.url
Courses/Complete Git Guide - Understand and Master Git and Github/18. Wrap Up/
Courses/Complete Git Guide - Understand and Master Git and Github/18. Wrap Up/1. Wrap Up--- [ FreeCourseWeb.com ] ---.mp4
Courses/Complete Git Guide - Understand and Master Git and Github/18. Wrap Up/1. Wrap Up--- [ FreeCourseWeb.com ] ---.vtt
Courses/Complete Git Guide - Understand and Master Git and Github/2. Installation of the Git and configuration of the Shell/
Courses/Complete Git Guide - Understand and Master Git and Github/2. Installation of the Git and configuration of the Shell/1. Section 2 Introduction--- [ FreeCourseWeb.com ] ---.mp4
Courses/Complete Git Guide - Understand and Master Git and Github/2. Installation of the Git and configuration of the Shell/1. Section 2 Introduction--- [ FreeCourseWeb.com ] ---.vtt
Courses/Complete Git Guide - Understand and Master Git and Github/2. Installation of the Git and configuration of the Shell/2. Installing Git on MacOS--- [ FreeCourseWeb.com ] ---.mp4
Courses/Complete Git Guide - Understand and Master Git and Github/2. Installation of the Git and configuration of the Shell/2. Installing Git on MacOS--- [ FreeCourseWeb.com ] ---.vtt
Courses/Complete Git Guide - Understand and Master Git and Github/2. Installation of the Git and configuration of the Shell/3. Installing Git on Windows--- [ FreeCourseWeb.com ] ---.mp4
Courses/Complete Git Guide - Understand and Master Git and Github/2. Installation of the Git and configuration of the Shell/3. Installing Git on Windows--- [ FreeCourseWeb.com ] ---.vtt
Courses/Complete Git Guide - Understand and Master Git and Github/2. Installation of the Git and configuration of the Shell/4. Installing Git on Linux--- [ FreeCourseWeb.com ] ---.mp4
Courses/Complete Git Guide - Understand and Master Git and Github/2. Installation of the Git and configuration of the Shell/4. Installing Git on Linux--- [ FreeCourseWeb.com ] ---.vtt
Courses/Complete Git Guide - Understand and Master Git and Github/2. Installation of the Git and configuration of the Shell/5. Installing iTerm2 on the Mac--- [ FreeCourseWeb.com ] ---.mp4
Courses/Complete Git Guide - Understand and Master Git and Github/2. Installation of the Git and configuration of the Shell/5. Installing iTerm2 on the Mac--- [ FreeCourseWeb.com ] ---.vtt
Courses/Complete Git Guide - Understand and Master Git and Github/2. Installation of the Git and configuration of the Shell/6. Installing custom shell Z-Shell on the Mac--- [ FreeCourseWeb.com ] ---.mp4
Courses/Complete Git Guide - Understand and Master Git and Github/2. Installation of the Git and configuration of the Shell/6. Installing custom shell Z-Shell on the Mac--- [ FreeCourseWeb.com ] ---.vtt
Courses/Complete Git Guide - Understand and Master Git and Github/2. Installation of the Git and configuration of the Shell/Please We Need Your Help at this Moment! -  [ FreeCourseWeb.com ].txt
Courses/Complete Git Guide - Understand and Master Git and Github/3. Basic Shell commands/
Courses/Complete Git Guide - Understand and Master Git and Github/3. Basic Shell commands/1. Section 3 Introduction--- [ FreeCourseWeb.com ] ---.mp4
Courses/Complete Git Guide - Understand and Master Git and Github/3. Basic Shell commands/1. Section 3 Introduction--- [ FreeCourseWeb.com ] ---.vtt
Courses/Complete Git Guide - Understand and Master Git and Github/3. Basic Shell commands/2. Shell commands - directory management--- [ FreeCourseWeb.com ] ---.mp4
Courses/Complete Git Guide - Understand and Master Git and Github/3. Basic Shell commands/2. Shell commands - directory management--- [ FreeCourseWeb.com ] ---.vtt
Courses/Complete Git Guide - Understand and Master Git and Github/3. Basic Shell commands/3. Shell commands - file management - PART 1--- [ FreeCourseWeb.com ] ---.mp4
Courses/Complete Git Guide - Understand and Master Git and Github/3. Basic Shell commands/3. Shell commands - file management - PART 1--- [ FreeCourseWeb.com ] ---.vtt
Courses/Complete Git Guide - Understand and Master Git and Github/3. Basic Shell commands/4. Shell commands - file management - PART 2--- [ FreeCourseWeb.com ] ---.mp4
Courses/Complete Git Guide - Understand and Master Git and Github/3. Basic Shell commands/4. Shell commands - file management - PART 2--- [ FreeCourseWeb.com ] ---.vtt
Courses/Complete Git Guide - Understand and Master Git and Github/4. How Git works under the hood/
Courses/Complete Git Guide - Understand and Master Git and Github/4. How Git works under the hood/1. Section 4 Introduction--- [ FreeCourseWeb.com ] ---.mp4
Courses/Complete Git Guide - Understand and Master Git and Github/4. How Git works under the hood/1. Section 4 Introduction--- [ FreeCourseWeb.com ] ---.vtt
Courses/Complete Git Guide - Understand and Master Git and Github/4. How Git works under the hood/10. How many files Git could store--- [ FreeCourseWeb.com ] ---.mp4
Courses/Complete Git Guide - Understand and Master Git and Github/4. How Git works under the hood/10. How many files Git could store--- [ FreeCourseWeb.com ] ---.vtt
Courses/Complete Git Guide - Understand and Master Git and Github/4. How Git works under the hood/11. Probability theory in Dice game--- [ FreeCourseWeb.com ] ---.mp4
Courses/Complete Git Guide - Understand and Master Git and Github/4. How Git works under the hood/11. Probability theory in Dice game--- [ FreeCourseWeb.com ] ---.vtt
Courses/Complete Git Guide - Understand and Master Git and Github/4. How Git works under the hood/12. Git hash collision probability--- [ FreeCourseWeb.com ] ---.mp4
Courses/Complete Git Guide - Understand and Master Git and Github/4. How Git works under the hood/12. Git hash collision probability--- [ FreeCourseWeb.com ] ---.vtt
Courses/Complete Git Guide - Understand and Master Git and Github/4. How Git works under the hood/13. Exploring Git objects with git cat-file command--- [ FreeCourseWeb.com ] ---.mp4
Courses/Complete Git Guide - Understand and Master Git and Github/4. How Git works under the hood/13. Exploring Git objects with git cat-file command--- [ FreeCourseWeb.com ] ---.vtt
Courses/Complete Git Guide - Understand and Master Git and Github/4. How Git works under the hood/14. Create new Git Blob based on the file--- [ FreeCourseWeb.com ] ---.mp4
Courses/Complete Git Guide - Understand and Master Git and Github/4. How Git works under the hood/14. Create new Git Blob based on the file--- [ FreeCourseWeb.com ] ---.vtt
Courses/Complete Git Guide - Understand and Master Git and Github/4. How Git works under the hood/15. Git blobs don't store filenames--- [ FreeCourseWeb.com ] ---.mp4
Courses/Complete Git Guide - Understand and Master Git and Github/4. How Git works under the hood/15. Git blobs don't store filenames--- [ FreeCourseWeb.com ] ---.vtt
Courses/Complete Git Guide - Understand and Master Git and Github/4. How Git works under the hood/16. Contents of Git objects--- [ FreeCourseWeb.com ] ---.mp4
Courses/Complete Git Guide - Understand and Master Git and Github/4. How Git works under the hood/16. Contents of Git objects--- [ FreeCourseWeb.com ] ---.vtt
Courses/Complete Git Guide - Understand and Master Git and Github/4. How Git works under the hood/17. What we have so far--- [ FreeCourseWeb.com ] ---.mp4
Courses/Complete Git Guide - Understand and Master Git and Github/4. How Git works under the hood/17. What we have so far--- [ FreeCourseWeb.com ] ---.vtt
Courses/Complete Git Guide - Understand and Master Git and Github/4. How Git works under the hood/18. Tree objects in Git--- [ FreeCourseWeb.com ] ---.mp4
Courses/Complete Git Guide - Understand and Master Git and Github/4. How Git works under the hood/18. Tree objects in Git--- [ FreeCourseWeb.com ] ---.vtt
Courses/Complete Git Guide - Understand and Master Git and Github/4. How Git works under the hood/19. Git object permissions--- [ FreeCourseWeb.com ] ---.mp4
Courses/Complete Git Guide - Understand and Master Git and Github/4. How Git works under the hood/19. Git object permissions--- [ FreeCourseWeb.com ] ---.vtt
Courses/Complete Git Guide - Understand and Master Git and Github/4. How Git works under the hood/2. Initialize new Git repository--- [ FreeCourseWeb.com ] ---.mp4
Courses/Complete Git Guide - Understand and Master Git and Github/4. How Git works under the hood/2. Initialize new Git repository--- [ FreeCourseWeb.com ] ---.vtt
Courses/Complete Git Guide - Understand and Master Git and Github/4. How Git works under the hood/20. Creating Git Tree object--- [ FreeCourseWeb.com ] ---.mp4
Courses/Complete Git Guide - Understand and Master Git and Github/4. How Git works under the hood/20. Creating Git Tree object--- [ FreeCourseWeb.com ] ---.vtt
Courses/Complete Git Guide - Understand and Master Git and Github/4. How Git works under the hood/21. Examining Tree Object--- [ FreeCourseWeb.com ] ---.mp4
Courses/Complete Git Guide - Understand and Master Git and Github/4. How Git works under the hood/21. Examining Tree Object--- [ FreeCourseWeb.com ] ---.vtt
Courses/Complete Git Guide - Understand and Master Git and Github/4. How Git works under the hood/22. Working directory, Staging area and Git repository--- [ FreeCourseWeb.com ] ---.mp4
Courses/Complete Git Guide - Understand and Master Git and Github/4. How Git works under the hood/22. Working directory, Staging area and Git repository--- [ FreeCourseWeb.com ] ---.vtt
Courses/Complete Git Guide - Understand and Master Git and Github/4. How Git works under the hood/23. Overview of current files distribution--- [ FreeCourseWeb.com ] ---.mp4
Courses/Complete Git Guide - Understand and Master Git and Github/4. How Git works under the hood/23. Overview of current files distribution--- [ FreeCourseWeb.com ] ---.vtt
Courses/Complete Git Guide - Understand and Master Git and Github/4. How Git works under the hood/24. Git read-tree--- [ FreeCourseWeb.com ] ---.mp4
Courses/Complete Git Guide - Understand and Master Git and Github/4. How Git works under the hood/24. Git read-tree--- [ FreeCourseWeb.com ] ---.vtt
Courses/Complete Git Guide - Understand and Master Git and Github/4. How Git works under the hood/25. Read files in the staging area using git ls-files--- [ FreeCourseWeb.com ] ---.mp4
Courses/Complete Git Guide - Understand and Master Git and Github/4. How Git works under the hood/25. Read files in the staging area using git ls-files--- [ FreeCourseWeb.com ] ---.vtt
Courses/Complete Git Guide - Understand and Master Git and Github/4. How Git works under the hood/26. Git checkout-index--- [ FreeCourseWeb.com ] ---.mp4
Courses/Complete Git Guide - Understand and Master Git and Github/4. How Git works under the hood/26. Git checkout-index--- [ FreeCourseWeb.com ] ---.vtt
Courses/Complete Git Guide - Understand and Master Git and Github/4. How Git works under the hood/27. How many folders could be created for objects--- [ FreeCourseWeb.com ] ---.mp4
Courses/Complete Git Guide - Understand and Master Git and Github/4. How Git works under the hood/27. How many folders could be created for objects--- [ FreeCourseWeb.com ] ---.vtt
Courses/Complete Git Guide - Understand and Master Git and Github/4. How Git works under the hood/28. Section Summary--- [ FreeCourseWeb.com ] ---.mp4
Courses/Complete Git Guide - Understand and Master Git and Github/4. How Git works under the hood/28. Section Summary--- [ FreeCourseWeb.com ] ---.vtt
Courses/Complete Git Guide - Understand and Master Git and Github/4. How Git works under the hood/3. Overview of .git folder--- [ FreeCourseWeb.com ] ---.mp4
Courses/Complete Git Guide - Understand and Master Git and Github/4. How Git works under the hood/3. Overview of .git folder--- [ FreeCourseWeb.com ] ---.vtt
Courses/Complete Git Guide - Understand and Master Git and Github/4. How Git works under the hood/4. Git object types--- [ FreeCourseWeb.com ] ---.mp4
Courses/Complete Git Guide - Understand and Master Git and Github/4. How Git works under the hood/4. Git object types--- [ FreeCourseWeb.com ] ---.vtt
Courses/Complete Git Guide - Understand and Master Git and Github/4. How Git works under the hood/5. Writing new Git object with git hash-object--- [ FreeCourseWeb.com ] ---.mp4
Courses/Complete Git Guide - Understand and Master Git and Github/4. How Git works under the hood/5. Writing new Git object with git hash-object--- [ FreeCourseWeb.com ] ---.vtt
Courses/Complete Git Guide - Understand and Master Git and Github/4. How Git works under the hood/6. JSON vs Git database--- [ FreeCourseWeb.com ] ---.mp4
Courses/Complete Git Guide - Understand and Master Git and Github/4. How Git works under the hood/6. JSON vs Git database--- [ FreeCourseWeb.com ] ---.vtt
Courses/Complete Git Guide - Understand and Master Git and Github/4. How Git works under the hood/7. What is hash function--- [ FreeCourseWeb.com ] ---.mp4
Courses/Complete Git Guide - Understand and Master Git and Github/4. How Git works under the hood/7. What is hash function--- [ FreeCourseWeb.com ] ---.vtt
Courses/Complete Git Guide - Understand and Master Git and Github/4. How Git works under the hood/8. Hash functions overview--- [ FreeCourseWeb.com ] ---.mp4
Courses/Complete Git Guide - Understand and Master Git and Github/4. How Git works under the hood/8. Hash functions overview--- [ FreeCourseWeb.com ] ---.vtt
Courses/Complete Git Guide - Understand and Master Git and Github/4. How Git works under the hood/9. SHA1 Hash Function--- [ FreeCourseWeb.com ] ---.mp4
Courses/Complete Git Guide - Understand and Master Git and Github/4. How Git works under the hood/9. SHA1 Hash Function--- [ FreeCourseWeb.com ] ---.vtt
Courses/Complete Git Guide - Understand and Master Git and Github/4. How Git works under the hood/Please We Need Your Help at this Moment! -  [ FreeCourseWeb.com ].txt
Courses/Complete Git Guide - Understand and Master Git and Github/5. Basic Git operations/
Courses/Complete Git Guide - Understand and Master Git and Github/5. Basic Git operations/1. Section 5 Introduction--- [ FreeCourseWeb.com ] ---.mp4
Courses/Complete Git Guide - Understand and Master Git and Github/5. Basic Git operations/1. Section 5 Introduction--- [ FreeCourseWeb.com ] ---.vtt
Courses/Complete Git Guide - Understand and Master Git and Github/5. Basic Git operations/10. Stage file--- [ FreeCourseWeb.com ] ---.mp4
Courses/Complete Git Guide - Understand and Master Git and Github/5. Basic Git operations/10. Stage file--- [ FreeCourseWeb.com ] ---.vtt
Courses/Complete Git Guide - Understand and Master Git and Github/5. Basic Git operations/11. Unstage file using git rm--- [ FreeCourseWeb.com ] ---.mp4
Courses/Complete Git Guide - Understand and Master Git and Github/5. Basic Git operations/11. Unstage file using git rm--- [ FreeCourseWeb.com ] ---.vtt
Courses/Complete Git Guide - Understand and Master Git and Github/5. Basic Git operations/12. Commit changes--- [ FreeCourseWeb.com ] ---.mp4
Courses/Complete Git Guide - Understand and Master Git and Github/5. Basic Git operations/12. Commit changes--- [ FreeCourseWeb.com ] ---.vtt
Courses/Complete Git Guide - Understand and Master Git and Github/5. Basic Git operations/13. Exploring changes in Git repository--- [ FreeCourseWeb.com ] ---.mp4
Courses/Complete Git Guide - Understand and Master Git and Github/5. Basic Git operations/13. Exploring changes in Git repository--- [ FreeCourseWeb.com ] ---.vtt
Courses/Complete Git Guide - Understand and Master Git and Github/5. Basic Git operations/14. Current diagram of Git repository--- [ FreeCourseWeb.com ] ---.mp4
Courses/Complete Git Guide - Understand and Master Git and Github/5. Basic Git operations/14. Current diagram of Git repository--- [ FreeCourseWeb.com ] ---.vtt
Courses/Complete Git Guide - Understand and Master Git and Github/5. Basic Git operations/2. What is Commit--- [ FreeCourseWeb.com ] ---.mp4
Courses/Complete Git Guide - Understand and Master Git and Github/5. Basic Git operations/2. What is Commit--- [ FreeCourseWeb.com ] ---.vtt
Courses/Complete Git Guide - Understand and Master Git and Github/5. Basic Git operations/3. Configure Git author name and email--- [ FreeCourseWeb.com ] ---.mp4
Courses/Complete Git Guide - Understand and Master Git and Github/5. Basic Git operations/3. Configure Git author name and email--- [ FreeCourseWeb.com ] ---.vtt
Courses/Complete Git Guide - Understand and Master Git and Github/5. Basic Git operations/4. Creating first commit--- [ FreeCourseWeb.com ] ---.mp4
Courses/Complete Git Guide - Understand and Master Git and Github/5. Basic Git operations/4. Creating first commit--- [ FreeCourseWeb.com ] ---.vtt
Courses/Complete Git Guide - Understand and Master Git and Github/5. Basic Git operations/5. Exploring commit object--- [ FreeCourseWeb.com ] ---.mp4
Courses/Complete Git Guide - Understand and Master Git and Github/5. Basic Git operations/5. Exploring commit object--- [ FreeCourseWeb.com ] ---.vtt
Courses/Complete Git Guide - Understand and Master Git and Github/5. Basic Git operations/6. Current project state overview--- [ FreeCourseWeb.com ] ---.mp4
Courses/Complete Git Guide - Understand and Master Git and Github/5. Basic Git operations/6. Current project state overview--- [ FreeCourseWeb.com ] ---.vtt
Courses/Complete Git Guide - Understand and Master Git and Github/5. Basic Git operations/7. Basic Git commands--- [ FreeCourseWeb.com ] ---.mp4
Courses/Complete Git Guide - Understand and Master Git and Github/5. Basic Git operations/7. Basic Git commands--- [ FreeCourseWeb.com ] ---.vtt
Courses/Complete Git Guide - Understand and Master Git and Github/5. Basic Git operations/8. Adding new file to working directory--- [ FreeCourseWeb.com ] ---.mp4
Courses/Complete Git Guide - Understand and Master Git and Github/5. Basic Git operations/8. Adding new file to working directory--- [ FreeCourseWeb.com ] ---.vtt
Courses/Complete Git Guide - Understand and Master Git and Github/5. Basic Git operations/9. Git files lifecycle--- [ FreeCourseWeb.com ] ---.mp4
Courses/Complete Git Guide - Understand and Master Git and Github/5. Basic Git operations/9. Git files lifecycle--- [ FreeCourseWeb.com ] ---.vtt
Courses/Complete Git Guide - Understand and Master Git and Github/6. Git branches and HEAD/
Courses/Complete Git Guide - Understand and Master Git and Github/6. Git branches and HEAD/1. Section 6 Introduction--- [ FreeCourseWeb.com ] ---.mp4
Courses/Complete Git Guide - Understand and Master Git and Github/6. Git branches and HEAD/1. Section 6 Introduction--- [ FreeCourseWeb.com ] ---.vtt
Courses/Complete Git Guide - Understand and Master Git and Github/6. Git branches and HEAD/10. Checkout specific commit--- [ FreeCourseWeb.com ] ---.mp4
Courses/Complete Git Guide - Understand and Master Git and Github/6. Git branches and HEAD/10. Checkout specific commit--- [ FreeCourseWeb.com ] ---.vtt
Courses/Complete Git Guide - Understand and Master Git and Github/6. Git branches and HEAD/11. Why do we need branches--- [ FreeCourseWeb.com ] ---.mp4
Courses/Complete Git Guide - Understand and Master Git and Github/6. Git branches and HEAD/11. Why do we need branches--- [ FreeCourseWeb.com ] ---.vtt
Courses/Complete Git Guide - Understand and Master Git and Github/6. Git branches and HEAD/12. Git branches management--- [ FreeCourseWeb.com ] ---.mp4
Courses/Complete Git Guide - Understand and Master Git and Github/6. Git branches and HEAD/12. Git branches management--- [ FreeCourseWeb.com ] ---.vtt
Courses/Complete Git Guide - Understand and Master Git and Github/6. Git branches and HEAD/13. Create new branch--- [ FreeCourseWeb.com ] ---.mp4
Courses/Complete Git Guide - Understand and Master Git and Github/6. Git branches and HEAD/13. Create new branch--- [ FreeCourseWeb.com ] ---.vtt
Courses/Complete Git Guide - Understand and Master Git and Github/6. Git branches and HEAD/14. Commit changes in the new branch--- [ FreeCourseWeb.com ] ---.mp4
Courses/Complete Git Guide - Understand and Master Git and Github/6. Git branches and HEAD/14. Commit changes in the new branch--- [ FreeCourseWeb.com ] ---.vtt
Courses/Complete Git Guide - Understand and Master Git and Github/6. Git branches and HEAD/15. Explore commit in the new branch--- [ FreeCourseWeb.com ] ---.mp4
Courses/Complete Git Guide - Understand and Master Git and Github/6. Git branches and HEAD/15. Explore commit in the new branch--- [ FreeCourseWeb.com ] ---.vtt
Courses/Complete Git Guide - Understand and Master Git and Github/6. Git branches and HEAD/16. Git reuses blobs with the same contents--- [ FreeCourseWeb.com ] ---.mp4
Courses/Complete Git Guide - Understand and Master Git and Github/6. Git branches and HEAD/16. Git reuses blobs with the same contents--- [ FreeCourseWeb.com ] ---.vtt
Courses/Complete Git Guide - Understand and Master Git and Github/6. Git branches and HEAD/2. Most common Git operations--- [ FreeCourseWeb.com ] ---.mp4
Courses/Complete Git Guide - Understand and Master Git and Github/6. Git branches and HEAD/2. Most common Git operations--- [ FreeCourseWeb.com ] ---.vtt
Courses/Complete Git Guide - Understand and Master Git and Github/6. Git branches and HEAD/3. Overview of the current project state--- [ FreeCourseWeb.com ] ---.mp4
Courses/Complete Git Guide - Understand and Master Git and Github/6. Git branches and HEAD/3. Overview of the current project state--- [ FreeCourseWeb.com ] ---.vtt
Courses/Complete Git Guide - Understand and Master Git and Github/6. Git branches and HEAD/4. Installing GitHub Desktop--- [ FreeCourseWeb.com ] ---.mp4
Courses/Complete Git Guide - Understand and Master Git and Github/6. Git branches and HEAD/4. Installing GitHub Desktop--- [ FreeCourseWeb.com ] ---.vtt
Courses/Complete Git Guide - Understand and Master Git and Github/6. Git branches and HEAD/5. GitHub Desktop Overview--- [ FreeCourseWeb.com ] ---.mp4
Courses/Complete Git Guide - Understand and Master Git and Github/6. Git branches and HEAD/5. GitHub Desktop Overview--- [ FreeCourseWeb.com ] ---.vtt
Courses/Complete Git Guide - Understand and Master Git and Github/6. Git branches and HEAD/6. What is branch in Git--- [ FreeCourseWeb.com ] ---.mp4
Courses/Complete Git Guide - Understand and Master Git and Github/6. Git branches and HEAD/6. What is branch in Git--- [ FreeCourseWeb.com ] ---.vtt
Courses/Complete Git Guide - Understand and Master Git and Github/6. Git branches and HEAD/7. What is HEAD in Git--- [ FreeCourseWeb.com ] ---.mp4
Courses/Complete Git Guide - Understand and Master Git and Github/6. Git branches and HEAD/7. What is HEAD in Git--- [ FreeCourseWeb.com ] ---.vtt
Courses/Complete Git Guide - Understand and Master Git and Github/6. Git branches and HEAD/8. Third commit--- [ FreeCourseWeb.com ] ---.mp4
